<?xml version="1.0" encoding="UTF-8"?>
<!-- Generated by org.testng.reporters.JUnitReportReporter -->
<testsuite hostname="BCP-ATLT1447" failures="0" tests="3" name="com.loan.testcases.EducationalLoan" time="0.002" errors="0" timestamp="2022-09-03T15:45:13 IST" skipped="1">
  <testcase classname="com.loan.testcases.EducationalLoan" name="apieducationalloan" time="0.001"/>
  <system-out/>
  <testcase classname="com.loan.testcases.EducationalLoan" name="mobilepageeducationalloan" time="0.001"/>
  <system-out/>
  <testcase classname="com.loan.testcases.EducationalLoan" name="webpageeducationalloan">
    <skipped/>
  </testcase> <!-- webpageeducationalloan -->
  <system-out/>
</testsuite> <!-- com.loan.testcases.EducationalLoan -->
