<?xml version="1.0" encoding="UTF-8"?>
<!-- Generated by org.testng.reporters.JUnitReportReporter -->
<testsuite hostname="BCP-ATLT1447" failures="0" tests="1" name="com.loan.testcases.CarLoan" time="0.007" errors="0" timestamp="2022-09-06T14:44:36 IST" skipped="0">
  <testcase classname="com.loan.testcases.CarLoan" name="webpagecarloan" time="0.007"/>
  <system-out/>
</testsuite> <!-- com.loan.testcases.CarLoan -->
