<?xml version="1.0" encoding="UTF-8"?>
<!-- Generated by org.testng.reporters.JUnitReportReporter -->
<testsuite hostname="BCP-ATLT1447" failures="0" tests="3" name="com.loan.testcases.PersonalLoan" time="0.004" errors="0" timestamp="2022-09-03T15:45:13 IST" skipped="0">
  <testcase classname="com.loan.testcases.PersonalLoan" name="mobilepagepersonalloan" time="0.002"/>
  <system-out/>
  <testcase classname="com.loan.testcases.PersonalLoan" name="apipersonalloan" time="0.001"/>
  <system-out/>
  <testcase classname="com.loan.testcases.PersonalLoan" name="webpagepersonalloan" time="0.001"/>
  <system-out/>
</testsuite> <!-- com.loan.testcases.PersonalLoan -->
