<?xml version="1.0" encoding="UTF-8"?>
<!-- Generated by org.testng.reporters.JUnitReportReporter -->
<testsuite hostname="BCP-ATLT1447" failures="0" tests="1" name="com.loan.testcases.HomeLoan" time="0.002" errors="0" timestamp="2022-09-06T14:44:36 IST" skipped="0">
  <testcase classname="com.loan.testcases.HomeLoan" name="webpagehomeloan" time="0.002"/>
  <system-out/>
</testsuite> <!-- com.loan.testcases.HomeLoan -->
